<?xml version="1.0" encoding="UTF-8"?>
<!-- Generated by org.testng.reporters.JUnitReportReporter -->
<testsuite skipped="1" hostname="DESKTOP-VQCK5T1" name="com.jquery.ui.JqueryUITest2" tests="2" failures="0" timestamp="09 Aug 2019 05:22:22 GMT" time="15.764" errors="0">
  <testcase name="interactions" time="15.764" classname="com.jquery.ui.JqueryUITest2"/>
  <testcase name="widgets" classname="com.jquery.ui.JqueryUITest2">
    <skipped/>
  </testcase> <!-- widgets -->
</testsuite> <!-- com.jquery.ui.JqueryUITest2 -->
