<?xml version="1.0" encoding="UTF-8"?>
<!-- Generated by org.testng.reporters.JUnitReportReporter -->
<testsuite skipped="0" hostname="DESKTOP-VQCK5T1" name="com.jquery.ui.JqueryUITest" tests="3" failures="0" timestamp="04 Sep 2019 22:19:44 GMT" time="108.133" errors="0">
  <testcase name="StartChromeBrowser" time="8.076" classname="com.jquery.ui.JqueryUITest"/>
  <testcase name="interactions" time="37.199" classname="com.jquery.ui.JqueryUITest"/>
  <testcase name="widgets" time="62.858" classname="com.jquery.ui.JqueryUITest"/>
</testsuite> <!-- com.jquery.ui.JqueryUITest -->
